
[2026-02-16T16:21:12.123196] WinMemoryCleaner.exe
Status: SUCCESS
Message: File downloaded and reconstructed
================================================================================

[2026-02-16T16:30:08.867095] EFTA00000001.pdf
Status: SUCCESS
Message: File downloaded and reconstructed
================================================================================

[2026-02-16T16:30:09.007720] WinMemoryCleaner.exe
Status: SUCCESS
Message: File downloaded and reconstructed
================================================================================

[2026-02-16T16:30:13.301651] youtube_03pkdhqOEdY_1920x1080_h264.mp4
Status: SUCCESS
Message: File downloaded and reconstructed
================================================================================

[2026-02-16T16:30:13.411024] EFTA00000001.pdf
Status: SUCCESS
Message: File downloaded and reconstructed
================================================================================

[2026-02-16T16:30:13.504775] WinMemoryCleaner.exe
Status: SUCCESS
Message: File downloaded and reconstructed
================================================================================

[2026-02-16T16:30:17.098924] youtube_03pkdhqOEdY_1920x1080_h264.mp4
Status: SUCCESS
Message: File downloaded and reconstructed
================================================================================

[2026-02-16T16:30:43.364403] EFTA00000001.pdf
Status: SUCCESS
Message: File downloaded and reconstructed
================================================================================

[2026-02-16T16:30:43.473777] WinMemoryCleaner.exe
Status: SUCCESS
Message: File downloaded and reconstructed
================================================================================

[2026-02-16T16:30:46.699832] youtube_03pkdhqOEdY_1920x1080_h264.mp4
Status: SUCCESS
Message: File downloaded and reconstructed
================================================================================

[2026-02-16T16:30:46.793580] EFTA00000001.pdf
Status: SUCCESS
Message: File downloaded and reconstructed
================================================================================

[2026-02-16T16:30:46.887330] WinMemoryCleaner.exe
Status: SUCCESS
Message: File downloaded and reconstructed
================================================================================

[2026-02-16T16:30:50.090057] youtube_03pkdhqOEdY_1920x1080_h264.mp4
Status: SUCCESS
Message: File downloaded and reconstructed
================================================================================
